Waiting for API to be ready...
API is ready. Running load tests using k6...
=====================================
Running 100 VU load test: search_cars.js
=====================================

         /\      Grafana   /‾‾/  
    /\  /  \     |\  __   /  /   
   /  \/    \    | |/ /  /   ‾‾\ 
  /          \   |   (  |  (‾)  |
 / __________ \  |_|\_\  \_____/ 


     execution: local
        script: -
        output: -

     scenarios: (100.00%) 1 scenario, 100 max VUs, 45s max duration (incl. graceful stop):
              * default: 100 looping VUs for 15s (gracefulStop: 30s)


running (01.0s), 100/100 VUs, 0 complete and 0 interrupted iterations
default   [   7% ] 100 VUs  01.0s/15s

running (02.0s), 100/100 VUs, 93 complete and 0 interrupted iterations
default   [  13% ] 100 VUs  02.0s/15s

running (03.0s), 100/100 VUs, 171 complete and 0 interrupted iterations
default   [  20% ] 100 VUs  03.0s/15s

running (04.0s), 100/100 VUs, 260 complete and 0 interrupted iterations
default   [  27% ] 100 VUs  04.0s/15s

running (05.0s), 100/100 VUs, 360 complete and 0 interrupted iterations
default   [  33% ] 100 VUs  05.0s/15s

running (06.0s), 100/100 VUs, 441 complete and 0 interrupted iterations
default   [  40% ] 100 VUs  06.0s/15s

running (07.0s), 100/100 VUs, 538 complete and 0 interrupted iterations
default   [  47% ] 100 VUs  07.0s/15s

running (08.0s), 100/100 VUs, 630 complete and 0 interrupted iterations
default   [  53% ] 100 VUs  08.0s/15s

running (09.0s), 100/100 VUs, 722 complete and 0 interrupted iterations
default   [  60% ] 100 VUs  09.0s/15s

running (10.0s), 100/100 VUs, 809 complete and 0 interrupted iterations
default   [  67% ] 100 VUs  10.0s/15s

running (11.0s), 100/100 VUs, 909 complete and 0 interrupted iterations
default   [  73% ] 100 VUs  11.0s/15s

running (12.0s), 100/100 VUs, 1002 complete and 0 interrupted iterations
default   [  80% ] 100 VUs  12.0s/15s

running (13.0s), 100/100 VUs, 1079 complete and 0 interrupted iterations
default   [  87% ] 100 VUs  13.0s/15s

running (14.0s), 100/100 VUs, 1169 complete and 0 interrupted iterations
default   [  93% ] 100 VUs  14.0s/15s

running (15.0s), 100/100 VUs, 1257 complete and 0 interrupted iterations
default   [ 100% ] 100 VUs  15.0s/15s

running (16.0s), 006/100 VUs, 1351 complete and 0 interrupted iterations
default ↓ [ 100% ] 100 VUs  15s


  █ THRESHOLDS 

    http_req_duration
    ✓ 'p(50)<200' p(50)=100.15ms
    ✓ 'p(95)<500' p(95)=421.99ms
    ✓ 'p(99)<1000' p(99)=934.78ms

    http_req_failed
    ✓ 'rate<0.01' rate=0.00%


  █ TOTAL RESULTS 

    checks_total.......: 2714   169.342714/s
    checks_succeeded...: 50.00% 1357 out of 2714
    checks_failed......: 50.00% 1357 out of 2714

    ✓ is status 200
    ✗ has results
      ↳  0% — ✓ 0 / ✗ 1357

    HTTP
    http_req_duration..............: avg=141.55ms min=8.53ms med=100.15ms max=994.1ms p(90)=242.77ms p(95)=421.99ms
      { expected_response:true }...: avg=141.55ms min=8.53ms med=100.15ms max=994.1ms p(90)=242.77ms p(95)=421.99ms
    http_req_failed................: 0.00%  0 out of 1357
    http_reqs......................: 1357   84.671357/s

    EXECUTION
    iteration_duration.............: avg=1.14s    min=1s     med=1.1s     max=1.99s   p(90)=1.24s    p(95)=1.42s   
    iterations.....................: 1357   84.671357/s
    vus............................: 6      min=6         max=100
    vus_max........................: 100    min=100       max=100

    NETWORK
    data_received..................: 14 MB  854 kB/s
    data_sent......................: 134 kB 8.4 kB/s




running (16.0s), 000/100 VUs, 1357 complete and 0 interrupted iterations
default ✓ [ 100% ] 100 VUs  15s
=====================================
Running 500 VU load test: search_cars.js
=====================================

         /\      Grafana   /‾‾/  
    /\  /  \     |\  __   /  /   
   /  \/    \    | |/ /  /   ‾‾\ 
  /          \   |   (  |  (‾)  |
 / __________ \  |_|\_\  \_____/ 


     execution: local
        script: -
        output: -

     scenarios: (100.00%) 1 scenario, 500 max VUs, 45s max duration (incl. graceful stop):
              * default: 500 looping VUs for 15s (gracefulStop: 30s)


running (00.9s), 500/500 VUs, 0 complete and 0 interrupted iterations
default   [   6% ] 500 VUs  00.9s/15s

running (01.9s), 500/500 VUs, 0 complete and 0 interrupted iterations
default   [  13% ] 500 VUs  01.9s/15s

running (02.9s), 500/500 VUs, 0 complete and 0 interrupted iterations
default   [  20% ] 500 VUs  02.9s/15s

running (03.9s), 500/500 VUs, 2 complete and 0 interrupted iterations
default   [  26% ] 500 VUs  03.9s/15s

running (04.9s), 500/500 VUs, 27 complete and 0 interrupted iterations
default   [  33% ] 500 VUs  04.9s/15s

running (05.9s), 500/500 VUs, 54 complete and 0 interrupted iterations
default   [  40% ] 500 VUs  05.9s/15s

running (06.9s), 500/500 VUs, 125 complete and 0 interrupted iterations
default   [  46% ] 500 VUs  06.9s/15s

running (07.9s), 500/500 VUs, 243 complete and 0 interrupted iterations
default   [  53% ] 500 VUs  07.9s/15s

running (08.9s), 500/500 VUs, 355 complete and 0 interrupted iterations
default   [  60% ] 500 VUs  08.9s/15s

running (09.9s), 500/500 VUs, 433 complete and 0 interrupted iterations
default   [  66% ] 500 VUs  09.9s/15s

running (10.9s), 500/500 VUs, 532 complete and 0 interrupted iterations
default   [  73% ] 500 VUs  10.9s/15s

running (11.9s), 500/500 VUs, 602 complete and 0 interrupted iterations
default   [  80% ] 500 VUs  11.9s/15s

running (12.9s), 500/500 VUs, 686 complete and 0 interrupted iterations
default   [  86% ] 500 VUs  12.9s/15s

running (13.9s), 500/500 VUs, 781 complete and 0 interrupted iterations
default   [  93% ] 500 VUs  13.9s/15s

running (14.9s), 500/500 VUs, 870 complete and 0 interrupted iterations
default   [ 100% ] 500 VUs  14.9s/15s

running (15.9s), 397/500 VUs, 988 complete and 0 interrupted iterations
default ↓ [ 100% ] 500 VUs  15s

running (16.9s), 295/500 VUs, 1090 complete and 0 interrupted iterations
default ↓ [ 100% ] 500 VUs  15s

running (17.9s), 162/500 VUs, 1223 complete and 0 interrupted iterations
default ↓ [ 100% ] 500 VUs  15s


  █ THRESHOLDS 

    http_req_duration
    ✗ 'p(50)<200' p(50)=2.96s
    ✗ 'p(95)<500' p(95)=17.38s
    ✗ 'p(99)<1000' p(99)=17.69s

    http_req_failed
    ✓ 'rate<0.01' rate=0.00%


  █ TOTAL RESULTS 

    checks_total.......: 2770   147.475867/s
    checks_succeeded...: 50.00% 1385 out of 2770
    checks_failed......: 50.00% 1385 out of 2770

    ✓ is status 200
    ✗ has results
      ↳  0% — ✓ 0 / ✗ 1385

    HTTP
    http_req_duration..............: avg=5.17s min=1.51s med=2.96s max=17.71s p(90)=14.18s p(95)=17.38s
      { expected_response:true }...: avg=5.17s min=1.51s med=2.96s max=17.71s p(90)=14.18s p(95)=17.38s
    http_req_failed................: 0.00%  0 out of 1385
    http_reqs......................: 1385   73.737934/s

    EXECUTION
    iteration_duration.............: avg=6.18s min=2.51s med=3.96s max=18.76s p(90)=15.21s p(95)=18.41s
    iterations.....................: 1385   73.737934/s
    vus............................: 162    min=162       max=500
    vus_max........................: 500    min=500       max=500

    NETWORK
    data_received..................: 14 MB  744 kB/s
    data_sent......................: 137 kB 7.3 kB/s




running (18.8s), 000/500 VUs, 1385 complete and 0 interrupted iterations
default ✓ [ 100% ] 500 VUs  15s
=====================================
Running 100 VU load test: wishlist.js
=====================================

         /\      Grafana   /‾‾/  
    /\  /  \     |\  __   /  /   
   /  \/    \    | |/ /  /   ‾‾\ 
  /          \   |   (  |  (‾)  |
 / __________ \  |_|\_\  \_____/ 


     execution: local
        script: -
        output: -

     scenarios: (100.00%) 1 scenario, 100 max VUs, 45s max duration (incl. graceful stop):
              * default: 100 looping VUs for 15s (gracefulStop: 30s)


running (01.0s), 100/100 VUs, 0 complete and 0 interrupted iterations
default   [   7% ] 100 VUs  01.0s/15s

running (02.0s), 100/100 VUs, 100 complete and 0 interrupted iterations
default   [  13% ] 100 VUs  02.0s/15s

running (03.0s), 100/100 VUs, 200 complete and 0 interrupted iterations
default   [  20% ] 100 VUs  03.0s/15s

running (04.0s), 100/100 VUs, 265 complete and 0 interrupted iterations
default   [  27% ] 100 VUs  04.0s/15s

running (05.0s), 100/100 VUs, 362 complete and 0 interrupted iterations
default   [  33% ] 100 VUs  05.0s/15s

running (06.0s), 100/100 VUs, 461 complete and 0 interrupted iterations
default   [  40% ] 100 VUs  06.0s/15s

running (07.0s), 100/100 VUs, 536 complete and 0 interrupted iterations
default   [  47% ] 100 VUs  07.0s/15s

running (08.0s), 100/100 VUs, 636 complete and 0 interrupted iterations
default   [  53% ] 100 VUs  08.0s/15s

running (09.0s), 100/100 VUs, 690 complete and 0 interrupted iterations
default   [  60% ] 100 VUs  09.0s/15s

running (10.0s), 100/100 VUs, 790 complete and 0 interrupted iterations
default   [  67% ] 100 VUs  10.0s/15s

running (11.0s), 100/100 VUs, 847 complete and 0 interrupted iterations
default   [  73% ] 100 VUs  11.0s/15s

running (12.0s), 100/100 VUs, 942 complete and 0 interrupted iterations
default   [  80% ] 100 VUs  12.0s/15s

running (13.0s), 100/100 VUs, 1038 complete and 0 interrupted iterations
default   [  87% ] 100 VUs  13.0s/15s

running (14.0s), 100/100 VUs, 1049 complete and 0 interrupted iterations
default   [  93% ] 100 VUs  14.0s/15s

running (15.0s), 100/100 VUs, 1149 complete and 0 interrupted iterations
default   [ 100% ] 100 VUs  15.0s/15s

running (16.0s), 081/100 VUs, 1168 complete and 0 interrupted iterations
default ↓ [ 100% ] 100 VUs  15s


  █ THRESHOLDS 

    http_req_duration
    ✓ 'p(50)<200' p(50)=93.52ms
    ✓ 'p(95)<500' p(95)=487.66ms
    ✓ 'p(99)<1000' p(99)=644.99ms

    http_req_failed
    ✗ 'rate<0.01' rate=50.00%


  █ TOTAL RESULTS 

    checks_total.......: 1249    76.720227/s
    checks_succeeded...: 100.00% 1249 out of 1249
    checks_failed......: 0.00%   0 out of 1249

    ✓ status is 200 or 401

    HTTP
    http_req_duration..............: avg=145.9ms  min=2.31ms med=93.52ms max=875.21ms p(90)=419.68ms p(95)=487.66ms
      { expected_response:true }...: avg=128.46ms min=2.31ms med=65.78ms max=875.21ms p(90)=287.36ms p(95)=352.99ms
    http_req_failed................: 50.00% 1249 out of 2498
    http_reqs......................: 2498   153.440455/s

    EXECUTION
    iteration_duration.............: avg=1.29s    min=1s     med=1.2s    max=1.9s     p(90)=1.68s    p(95)=1.77s   
    iterations.....................: 1249   76.720227/s
    vus............................: 81     min=81           max=100
    vus_max........................: 100    min=100          max=100

    NETWORK
    data_received..................: 688 kB 42 kB/s
    data_sent......................: 360 kB 22 kB/s




running (16.3s), 000/100 VUs, 1249 complete and 0 interrupted iterations
default ✓ [ 100% ] 100 VUs  15s
=====================================
Running 500 VU load test: wishlist.js
=====================================

         /\      Grafana   /‾‾/  
    /\  /  \     |\  __   /  /   
   /  \/    \    | |/ /  /   ‾‾\ 
  /          \   |   (  |  (‾)  |
 / __________ \  |_|\_\  \_____/ 


     execution: local
        script: -
        output: -

     scenarios: (100.00%) 1 scenario, 500 max VUs, 45s max duration (incl. graceful stop):
              * default: 500 looping VUs for 15s (gracefulStop: 30s)


running (01.0s), 500/500 VUs, 0 complete and 0 interrupted iterations
default   [   6% ] 500 VUs  01.0s/15s

running (01.9s), 500/500 VUs, 96 complete and 0 interrupted iterations
default   [  13% ] 500 VUs  01.9s/15s

running (03.0s), 500/500 VUs, 150 complete and 0 interrupted iterations
default   [  20% ] 500 VUs  03.0s/15s

running (04.0s), 500/500 VUs, 242 complete and 0 interrupted iterations
default   [  26% ] 500 VUs  04.0s/15s

running (05.0s), 500/500 VUs, 340 complete and 0 interrupted iterations
default   [  33% ] 500 VUs  05.0s/15s

running (06.0s), 500/500 VUs, 423 complete and 0 interrupted iterations
default   [  40% ] 500 VUs  06.0s/15s

running (06.9s), 500/500 VUs, 522 complete and 0 interrupted iterations
default   [  46% ] 500 VUs  06.9s/15s

running (08.0s), 500/500 VUs, 640 complete and 0 interrupted iterations
default   [  53% ] 500 VUs  08.0s/15s

running (08.9s), 500/500 VUs, 814 complete and 0 interrupted iterations
default   [  60% ] 500 VUs  08.9s/15s

running (10.0s), 500/500 VUs, 943 complete and 0 interrupted iterations
default   [  66% ] 500 VUs  10.0s/15s

running (11.0s), 500/500 VUs, 1120 complete and 0 interrupted iterations
default   [  73% ] 500 VUs  11.0s/15s

running (12.0s), 500/500 VUs, 1307 complete and 0 interrupted iterations
default   [  80% ] 500 VUs  12.0s/15s

running (12.9s), 500/500 VUs, 1456 complete and 0 interrupted iterations
default   [  86% ] 500 VUs  12.9s/15s

running (14.0s), 500/500 VUs, 1607 complete and 0 interrupted iterations
default   [  93% ] 500 VUs  14.0s/15s

running (15.0s), 500/500 VUs, 1823 complete and 0 interrupted iterations
default   [ 100% ] 500 VUs  15.0s/15s

running (16.0s), 362/500 VUs, 1964 complete and 0 interrupted iterations
default ↓ [ 100% ] 500 VUs  15s

running (16.9s), 063/500 VUs, 2263 complete and 0 interrupted iterations
default ↓ [ 100% ] 500 VUs  15s


  █ THRESHOLDS 

    http_req_duration
    ✗ 'p(50)<200' p(50)=485.3ms
    ✗ 'p(95)<500' p(95)=8.24s
    ✗ 'p(99)<1000' p(99)=15.92s

    http_req_failed
    ✗ 'rate<0.01' rate=50.00%


  █ TOTAL RESULTS 

    checks_total.......: 2326    135.172745/s
    checks_succeeded...: 100.00% 2326 out of 2326
    checks_failed......: 0.00%   0 out of 2326

    ✓ status is 200 or 401

    HTTP
    http_req_duration..............: avg=1.25s min=15.77ms med=485.3ms  max=16.12s p(90)=992.95ms p(95)=8.24s 
      { expected_response:true }...: avg=1.95s min=22.54ms med=366.52ms max=16.12s p(90)=8.24s    p(95)=14.64s
    http_req_failed................: 50.00% 2326 out of 4652
    http_reqs......................: 4652   270.345491/s

    EXECUTION
    iteration_duration.............: avg=3.51s min=1.1s    med=2.04s    max=17.15s p(90)=9.35s    p(95)=16.41s
    iterations.....................: 2326   135.172745/s
    vus............................: 63     min=63           max=500
    vus_max........................: 500    min=500          max=500

    NETWORK
    data_received..................: 1.3 MB 75 kB/s
    data_sent......................: 670 kB 39 kB/s




running (17.2s), 000/500 VUs, 2326 complete and 0 interrupted iterations
default ✓ [ 100% ] 500 VUs  15s
=====================================
Running 100 VU load test: login.js
=====================================

         /\      Grafana   /‾‾/  
    /\  /  \     |\  __   /  /   
   /  \/    \    | |/ /  /   ‾‾\ 
  /          \   |   (  |  (‾)  |
 / __________ \  |_|\_\  \_____/ 


     execution: local
        script: -
        output: -

     scenarios: (100.00%) 1 scenario, 100 max VUs, 45s max duration (incl. graceful stop):
              * default: 100 looping VUs for 15s (gracefulStop: 30s)


running (01.0s), 100/100 VUs, 0 complete and 0 interrupted iterations
default   [   7% ] 100 VUs  01.0s/15s

running (02.0s), 100/100 VUs, 100 complete and 0 interrupted iterations
default   [  13% ] 100 VUs  02.0s/15s

running (03.0s), 100/100 VUs, 200 complete and 0 interrupted iterations
default   [  20% ] 100 VUs  03.0s/15s

running (04.0s), 100/100 VUs, 300 complete and 0 interrupted iterations
default   [  27% ] 100 VUs  04.0s/15s

running (05.0s), 100/100 VUs, 400 complete and 0 interrupted iterations
default   [  33% ] 100 VUs  05.0s/15s

running (06.0s), 100/100 VUs, 500 complete and 0 interrupted iterations
default   [  40% ] 100 VUs  06.0s/15s

running (07.0s), 100/100 VUs, 600 complete and 0 interrupted iterations
default   [  47% ] 100 VUs  07.0s/15s

running (08.0s), 100/100 VUs, 700 complete and 0 interrupted iterations
default   [  53% ] 100 VUs  08.0s/15s

running (09.0s), 100/100 VUs, 800 complete and 0 interrupted iterations
default   [  60% ] 100 VUs  09.0s/15s

running (10.0s), 100/100 VUs, 897 complete and 0 interrupted iterations
default   [  67% ] 100 VUs  10.0s/15s

running (11.0s), 100/100 VUs, 968 complete and 0 interrupted iterations
default   [  73% ] 100 VUs  11.0s/15s

running (12.0s), 100/100 VUs, 1068 complete and 0 interrupted iterations
default   [  80% ] 100 VUs  12.0s/15s

running (13.0s), 100/100 VUs, 1158 complete and 0 interrupted iterations
default   [  87% ] 100 VUs  13.0s/15s

running (14.0s), 100/100 VUs, 1258 complete and 0 interrupted iterations
default   [  93% ] 100 VUs  14.0s/15s

running (15.0s), 100/100 VUs, 1358 complete and 0 interrupted iterations
default   [ 100% ] 100 VUs  15.0s/15s


  █ THRESHOLDS 

    http_req_duration
    ✓ 'p(50)<500' p(50)=23.94ms
    ✓ 'p(95)<1000' p(95)=358.75ms
    ✓ 'p(99)<2000' p(99)=601.85ms

    http_req_failed
    ✗ 'rate<0.01' rate=100.00%


  █ TOTAL RESULTS 

    checks_total.......: 1458    91.3889/s
    checks_succeeded...: 0.00%   0 out of 1458
    checks_failed......: 100.00% 1458 out of 1458

    ✗ status is 200 or 401
      ↳  0% — ✓ 0 / ✗ 1458

    HTTP
    http_req_duration....: avg=62.3ms min=3.11ms med=23.94ms max=638.4ms p(90)=149.45ms p(95)=358.75ms
    http_req_failed......: 100.00% 1458 out of 1458
    http_reqs............: 1458    91.3889/s

    EXECUTION
    iteration_duration...: avg=1.06s  min=1s     med=1.02s   max=1.66s   p(90)=1.15s    p(95)=1.36s   
    iterations...........: 1458    91.3889/s
    vus..................: 100     min=100          max=100
    vus_max..............: 100     min=100          max=100

    NETWORK
    data_received........: 656 kB  41 kB/s
    data_sent............: 303 kB  19 kB/s




running (16.0s), 000/100 VUs, 1458 complete and 0 interrupted iterations
default ✓ [ 100% ] 100 VUs  15s
=====================================
Running 500 VU load test: login.js
=====================================

         /\      Grafana   /‾‾/  
    /\  /  \     |\  __   /  /   
   /  \/    \    | |/ /  /   ‾‾\ 
  /          \   |   (  |  (‾)  |
 / __________ \  |_|\_\  \_____/ 


     execution: local
        script: -
        output: -

     scenarios: (100.00%) 1 scenario, 500 max VUs, 45s max duration (incl. graceful stop):
              * default: 500 looping VUs for 15s (gracefulStop: 30s)


running (01.0s), 500/500 VUs, 0 complete and 0 interrupted iterations
default   [   6% ] 500 VUs  01.0s/15s

running (02.0s), 500/500 VUs, 80 complete and 0 interrupted iterations
default   [  13% ] 500 VUs  02.0s/15s

running (03.0s), 500/500 VUs, 332 complete and 0 interrupted iterations
default   [  20% ] 500 VUs  03.0s/15s

running (04.0s), 500/500 VUs, 387 complete and 0 interrupted iterations
default   [  26% ] 500 VUs  04.0s/15s

running (05.0s), 500/500 VUs, 631 complete and 0 interrupted iterations
default   [  33% ] 500 VUs  05.0s/15s

running (06.0s), 500/500 VUs, 734 complete and 0 interrupted iterations
default   [  40% ] 500 VUs  06.0s/15s

running (07.0s), 500/500 VUs, 826 complete and 0 interrupted iterations
default   [  46% ] 500 VUs  07.0s/15s

running (08.0s), 500/500 VUs, 992 complete and 0 interrupted iterations
default   [  53% ] 500 VUs  08.0s/15s

running (09.0s), 500/500 VUs, 1100 complete and 0 interrupted iterations
default   [  60% ] 500 VUs  09.0s/15s

running (10.0s), 500/500 VUs, 1270 complete and 0 interrupted iterations
default   [  66% ] 500 VUs  10.0s/15s

running (11.0s), 500/500 VUs, 1444 complete and 0 interrupted iterations
default   [  73% ] 500 VUs  11.0s/15s

running (12.0s), 500/500 VUs, 1626 complete and 0 interrupted iterations
default   [  80% ] 500 VUs  12.0s/15s

running (13.0s), 500/500 VUs, 1826 complete and 0 interrupted iterations
default   [  86% ] 500 VUs  13.0s/15s

running (14.0s), 500/500 VUs, 2026 complete and 0 interrupted iterations
default   [  93% ] 500 VUs  14.0s/15s

running (15.0s), 500/500 VUs, 2243 complete and 0 interrupted iterations
default   [ 100% ] 500 VUs  15.0s/15s

running (16.0s), 300/500 VUs, 2443 complete and 0 interrupted iterations
default ↓ [ 100% ] 500 VUs  15s


  █ THRESHOLDS 

    http_req_duration
    ✗ 'p(50)<500' p(50)=1.46s
    ✗ 'p(95)<1000' p(95)=4.2s
    ✗ 'p(99)<2000' p(99)=12.49s

    http_req_failed
    ✗ 'rate<0.01' rate=100.00%


  █ TOTAL RESULTS 

    checks_total.......: 2743    164.796884/s
    checks_succeeded...: 0.00%   0 out of 2743
    checks_failed......: 100.00% 2743 out of 2743

    ✗ status is 200 or 401
      ↳  0% — ✓ 0 / ✗ 2743

    HTTP
    http_req_duration....: avg=1.9s  min=628.58ms med=1.46s max=14.46s p(90)=2.33s p(95)=4.2s 
    http_req_failed......: 100.00% 2743 out of 2743
    http_reqs............: 2743    164.796884/s

    EXECUTION
    iteration_duration...: avg=2.91s min=1.62s    med=2.46s max=15.47s p(90)=3.33s p(95)=5.21s
    iterations...........: 2743    164.796884/s
    vus..................: 300     min=300          max=500
    vus_max..............: 500     min=500          max=500

    NETWORK
    data_received........: 1.2 MB  74 kB/s
    data_sent............: 571 kB  34 kB/s




running (16.6s), 000/500 VUs, 2743 complete and 0 interrupted iterations
default ✓ [ 100% ] 500 VUs  15s
=====================================
Running 100 VU load test: create_inquiry.js
=====================================

         /\      Grafana   /‾‾/  
    /\  /  \     |\  __   /  /   
   /  \/    \    | |/ /  /   ‾‾\ 
  /          \   |   (  |  (‾)  |
 / __________ \  |_|\_\  \_____/ 


     execution: local
        script: -
        output: -

     scenarios: (100.00%) 1 scenario, 100 max VUs, 45s max duration (incl. graceful stop):
              * default: 100 looping VUs for 15s (gracefulStop: 30s)


running (01.0s), 100/100 VUs, 0 complete and 0 interrupted iterations
default   [   7% ] 100 VUs  01.0s/15s

running (02.0s), 100/100 VUs, 100 complete and 0 interrupted iterations
default   [  13% ] 100 VUs  02.0s/15s

running (03.0s), 100/100 VUs, 185 complete and 0 interrupted iterations
default   [  20% ] 100 VUs  03.0s/15s

running (04.0s), 100/100 VUs, 285 complete and 0 interrupted iterations
default   [  27% ] 100 VUs  04.0s/15s

running (05.0s), 100/100 VUs, 384 complete and 0 interrupted iterations
default   [  33% ] 100 VUs  05.0s/15s

running (06.0s), 100/100 VUs, 441 complete and 0 interrupted iterations
default   [  40% ] 100 VUs  06.0s/15s

running (07.0s), 100/100 VUs, 541 complete and 0 interrupted iterations
default   [  47% ] 100 VUs  07.0s/15s

running (08.0s), 100/100 VUs, 641 complete and 0 interrupted iterations
default   [  53% ] 100 VUs  08.0s/15s

running (09.0s), 100/100 VUs, 673 complete and 0 interrupted iterations
default   [  60% ] 100 VUs  09.0s/15s

running (10.0s), 100/100 VUs, 767 complete and 0 interrupted iterations
default   [  67% ] 100 VUs  10.0s/15s

running (11.0s), 100/100 VUs, 824 complete and 0 interrupted iterations
default   [  73% ] 100 VUs  11.0s/15s

running (12.0s), 100/100 VUs, 893 complete and 0 interrupted iterations
default   [  80% ] 100 VUs  12.0s/15s

running (13.0s), 100/100 VUs, 993 complete and 0 interrupted iterations
default   [  87% ] 100 VUs  13.0s/15s

running (14.0s), 100/100 VUs, 1024 complete and 0 interrupted iterations
default   [  93% ] 100 VUs  14.0s/15s

running (15.0s), 100/100 VUs, 1124 complete and 0 interrupted iterations
default   [ 100% ] 100 VUs  15.0s/15s

running (16.0s), 061/100 VUs, 1163 complete and 0 interrupted iterations
default ↓ [ 100% ] 100 VUs  15s


  █ THRESHOLDS 

    http_req_duration
    ✓ 'p(50)<200' p(50)=86.92ms
    ✗ 'p(95)<500' p(95)=510.38ms
    ✓ 'p(99)<1000' p(99)=614.75ms

    http_req_failed
    ✗ 'rate<0.01' rate=50.00%


  █ TOTAL RESULTS 

    checks_total.......: 1224    75.222311/s
    checks_succeeded...: 100.00% 1224 out of 1224
    checks_failed......: 0.00%   0 out of 1224

    ✓ status is 201 or 401 or 404

    HTTP
    http_req_duration..............: avg=152.14ms min=2.31ms med=86.92ms max=867.79ms p(90)=467.9ms  p(95)=510.38ms
      { expected_response:true }...: avg=110.8ms  min=2.31ms med=53.18ms max=867.79ms p(90)=305.39ms p(95)=326.91ms
    http_req_failed................: 50.00% 1224 out of 2448
    http_reqs......................: 2448   150.444623/s

    EXECUTION
    iteration_duration.............: avg=1.3s     min=1s     med=1.21s   max=1.91s    p(90)=1.66s    p(95)=1.75s   
    iterations.....................: 1224   75.222311/s
    vus............................: 61     min=61           max=100
    vus_max........................: 100    min=100          max=100

    NETWORK
    data_received..................: 676 kB 42 kB/s
    data_sent......................: 679 kB 42 kB/s




running (16.3s), 000/100 VUs, 1224 complete and 0 interrupted iterations
default ✓ [ 100% ] 100 VUs  15s
=====================================
Running 500 VU load test: create_inquiry.js
=====================================

         /\      Grafana   /‾‾/  
    /\  /  \     |\  __   /  /   
   /  \/    \    | |/ /  /   ‾‾\ 
  /          \   |   (  |  (‾)  |
 / __________ \  |_|\_\  \_____/ 


     execution: local
        script: -
        output: -

     scenarios: (100.00%) 1 scenario, 500 max VUs, 45s max duration (incl. graceful stop):
              * default: 500 looping VUs for 15s (gracefulStop: 30s)


running (00.9s), 500/500 VUs, 0 complete and 0 interrupted iterations
default   [   6% ] 500 VUs  00.9s/15s

running (01.9s), 500/500 VUs, 0 complete and 0 interrupted iterations
default   [  13% ] 500 VUs  01.9s/15s

running (02.9s), 500/500 VUs, 178 complete and 0 interrupted iterations
default   [  20% ] 500 VUs  02.9s/15s

running (03.9s), 500/500 VUs, 244 complete and 0 interrupted iterations
default   [  26% ] 500 VUs  03.9s/15s

running (04.9s), 500/500 VUs, 251 complete and 0 interrupted iterations
default   [  33% ] 500 VUs  04.9s/15s

running (05.9s), 500/500 VUs, 255 complete and 0 interrupted iterations
default   [  40% ] 500 VUs  05.9s/15s

running (06.9s), 500/500 VUs, 491 complete and 0 interrupted iterations
default   [  46% ] 500 VUs  06.9s/15s

running (07.9s), 500/500 VUs, 577 complete and 0 interrupted iterations
default   [  53% ] 500 VUs  07.9s/15s

running (08.9s), 500/500 VUs, 585 complete and 0 interrupted iterations
default   [  60% ] 500 VUs  08.9s/15s

running (09.9s), 500/500 VUs, 911 complete and 0 interrupted iterations
default   [  66% ] 500 VUs  09.9s/15s

running (10.9s), 500/500 VUs, 1040 complete and 0 interrupted iterations
default   [  73% ] 500 VUs  10.9s/15s

running (11.9s), 500/500 VUs, 1046 complete and 0 interrupted iterations
default   [  80% ] 500 VUs  11.9s/15s

running (12.9s), 500/500 VUs, 1053 complete and 0 interrupted iterations
default   [  86% ] 500 VUs  12.9s/15s

running (13.9s), 500/500 VUs, 1521 complete and 0 interrupted iterations
default   [  93% ] 500 VUs  13.9s/15s

running (14.9s), 500/500 VUs, 1558 complete and 0 interrupted iterations
default   [ 100% ] 500 VUs  14.9s/15s

running (15.9s), 500/500 VUs, 1558 complete and 0 interrupted iterations
default ↓ [ 100% ] 500 VUs  15s

running (16.9s), 500/500 VUs, 1558 complete and 0 interrupted iterations
default ↓ [ 100% ] 500 VUs  15s


  █ THRESHOLDS 

    http_req_duration
    ✗ 'p(50)<200' p(50)=1.02s
    ✗ 'p(95)<500' p(95)=6.21s
    ✗ 'p(99)<1000' p(99)=12.09s

    http_req_failed
    ✗ 'rate<0.01' rate=50.00%


  █ TOTAL RESULTS 

    checks_total.......: 2058    116.168189/s
    checks_succeeded...: 100.00% 2058 out of 2058
    checks_failed......: 0.00%   0 out of 2058

    ✓ status is 201 or 401 or 404

    HTTP
    http_req_duration..............: avg=1.63s min=1.76ms med=1.02s    max=12.93s p(90)=2.24s p(95)=6.21s 
      { expected_response:true }...: avg=1.79s min=1.76ms med=892.27ms max=12.93s p(90)=6.21s p(95)=9.28s 
    http_req_failed................: 50.00% 2058 out of 4116
    http_reqs......................: 4116   232.336379/s

    EXECUTION
    iteration_duration.............: avg=4.27s min=1s     med=3.68s    max=13.96s p(90)=7.34s p(95)=10.39s
    iterations.....................: 2058   116.168189/s
    vus............................: 500    min=500          max=500
    vus_max........................: 500    min=500          max=500

    NETWORK
    data_received..................: 1.1 MB 64 kB/s
    data_sent......................: 1.1 MB 65 kB/s




running (17.7s), 000/500 VUs, 2058 complete and 0 interrupted iterations
default ✓ [ 100% ] 500 VUs  15s
=====================================
Running 100 VU load test: admin_actions.js
=====================================

         /\      Grafana   /‾‾/  
    /\  /  \     |\  __   /  /   
   /  \/    \    | |/ /  /   ‾‾\ 
  /          \   |   (  |  (‾)  |
 / __________ \  |_|\_\  \_____/ 


     execution: local
        script: -
        output: -

     scenarios: (100.00%) 1 scenario, 100 max VUs, 45s max duration (incl. graceful stop):
              * default: 100 looping VUs for 15s (gracefulStop: 30s)


running (01.0s), 100/100 VUs, 0 complete and 0 interrupted iterations
default   [   7% ] 100 VUs  01.0s/15s

running (02.0s), 100/100 VUs, 100 complete and 0 interrupted iterations
default   [  13% ] 100 VUs  02.0s/15s

running (03.0s), 100/100 VUs, 200 complete and 0 interrupted iterations
default   [  20% ] 100 VUs  03.0s/15s

running (04.0s), 100/100 VUs, 300 complete and 0 interrupted iterations
default   [  27% ] 100 VUs  04.0s/15s

running (05.0s), 100/100 VUs, 365 complete and 0 interrupted iterations
default   [  33% ] 100 VUs  05.0s/15s

running (06.0s), 100/100 VUs, 465 complete and 0 interrupted iterations
default   [  40% ] 100 VUs  06.0s/15s

running (07.0s), 100/100 VUs, 564 complete and 0 interrupted iterations
default   [  47% ] 100 VUs  07.0s/15s

running (08.0s), 100/100 VUs, 664 complete and 0 interrupted iterations
default   [  53% ] 100 VUs  08.0s/15s

running (09.0s), 100/100 VUs, 764 complete and 0 interrupted iterations
default   [  60% ] 100 VUs  09.0s/15s

running (10.0s), 100/100 VUs, 864 complete and 0 interrupted iterations
default   [  67% ] 100 VUs  10.0s/15s

running (11.0s), 100/100 VUs, 964 complete and 0 interrupted iterations
default   [  73% ] 100 VUs  11.0s/15s

running (12.0s), 100/100 VUs, 1064 complete and 0 interrupted iterations
default   [  80% ] 100 VUs  12.0s/15s

running (13.0s), 100/100 VUs, 1164 complete and 0 interrupted iterations
default   [  87% ] 100 VUs  13.0s/15s

running (14.0s), 100/100 VUs, 1264 complete and 0 interrupted iterations
default   [  93% ] 100 VUs  14.0s/15s

running (15.0s), 100/100 VUs, 1338 complete and 0 interrupted iterations
default   [ 100% ] 100 VUs  15.0s/15s

running (16.0s), 005/100 VUs, 1436 complete and 0 interrupted iterations
default ↓ [ 100% ] 100 VUs  15s


  █ THRESHOLDS 

    http_req_duration
    ✓ 'p(50)<200' p(50)=4.67ms
    ✓ 'p(95)<500' p(95)=398.4ms
    ✓ 'p(99)<1000' p(99)=573.77ms

    http_req_failed
    ✗ 'rate<0.01' rate=100.00%


  █ TOTAL RESULTS 

    checks_total.......: 1441    90.057383/s
    checks_succeeded...: 0.00%   0 out of 1441
    checks_failed......: 100.00% 1441 out of 1441

    ✗ status is 200 or 401 or 403
      ↳  0% — ✓ 0 / ✗ 1441

    HTTP
    http_req_duration....: avg=80.07ms min=0s med=4.67ms max=628.51ms p(90)=280.72ms p(95)=398.4ms
    http_req_failed......: 100.00% 1441 out of 1441
    http_reqs............: 1441    90.057383/s

    EXECUTION
    iteration_duration...: avg=1.08s   min=1s med=1s     max=1.63s    p(90)=1.28s    p(95)=1.4s   
    iterations...........: 1441    90.057383/s
    vus..................: 4       min=4            max=100
    vus_max..............: 100     min=100          max=100

    NETWORK
    data_received........: 195 kB  12 kB/s
    data_sent............: 169 kB  11 kB/s




running (16.0s), 000/100 VUs, 1441 complete and 0 interrupted iterations
default ✓ [ 100% ] 100 VUs  15s
=====================================
Running 500 VU load test: admin_actions.js
=====================================

         /\      Grafana   /‾‾/  
    /\  /  \     |\  __   /  /   
   /  \/    \    | |/ /  /   ‾‾\ 
  /          \   |   (  |  (‾)  |
 / __________ \  |_|\_\  \_____/ 


     execution: local
        script: -
        output: -

     scenarios: (100.00%) 1 scenario, 500 max VUs, 45s max duration (incl. graceful stop):
              * default: 500 looping VUs for 15s (gracefulStop: 30s)


running (00.9s), 500/500 VUs, 0 complete and 0 interrupted iterations
default   [   6% ] 500 VUs  00.9s/15s

running (01.9s), 500/500 VUs, 196 complete and 0 interrupted iterations
default   [  13% ] 500 VUs  01.9s/15s

running (02.9s), 500/500 VUs, 293 complete and 0 interrupted iterations
default   [  20% ] 500 VUs  02.9s/15s

running (03.9s), 500/500 VUs, 528 complete and 0 interrupted iterations
default   [  26% ] 500 VUs  03.9s/15s

running (04.9s), 500/500 VUs, 825 complete and 0 interrupted iterations
default   [  33% ] 500 VUs  04.9s/15s

running (05.9s), 500/500 VUs, 1160 complete and 0 interrupted iterations
default   [  40% ] 500 VUs  05.9s/15s

running (06.9s), 500/500 VUs, 1613 complete and 0 interrupted iterations
default   [  46% ] 500 VUs  06.9s/15s

running (07.9s), 500/500 VUs, 1847 complete and 0 interrupted iterations
default   [  53% ] 500 VUs  07.9s/15s

running (08.9s), 500/500 VUs, 2347 complete and 0 interrupted iterations
default   [  60% ] 500 VUs  08.9s/15s

running (09.9s), 500/500 VUs, 2478 complete and 0 interrupted iterations
default   [  66% ] 500 VUs  09.9s/15s

running (10.9s), 500/500 VUs, 2847 complete and 0 interrupted iterations
default   [  73% ] 500 VUs  10.9s/15s

running (11.9s), 500/500 VUs, 2978 complete and 0 interrupted iterations
default   [  80% ] 500 VUs  11.9s/15s

running (12.9s), 500/500 VUs, 3200 complete and 0 interrupted iterations
default   [  86% ] 500 VUs  12.9s/15s

running (13.9s), 500/500 VUs, 3700 complete and 0 interrupted iterations
default   [  93% ] 500 VUs  13.9s/15s

running (14.9s), 500/500 VUs, 4006 complete and 0 interrupted iterations
default   [ 100% ] 500 VUs  14.9s/15s

running (15.9s), 412/500 VUs, 4201 complete and 0 interrupted iterations
default ↓ [ 100% ] 500 VUs  15s


  █ THRESHOLDS 

    http_req_duration
    ✗ 'p(50)<200' p(50)=483.04ms
    ✗ 'p(95)<500' p(95)=1.57s
    ✗ 'p(99)<1000' p(99)=4.53s

    http_req_failed
    ✗ 'rate<0.01' rate=100.00%


  █ TOTAL RESULTS 

    checks_total.......: 4613    283.555663/s
    checks_succeeded...: 0.00%   0 out of 4613
    checks_failed......: 100.00% 4613 out of 4613

    ✗ status is 200 or 401 or 403
      ↳  0% — ✓ 0 / ✗ 4613

    HTTP
    http_req_duration....: avg=729.04ms min=2.02ms med=483.04ms max=4.61s p(90)=1.17s p(95)=1.57s
    http_req_failed......: 100.00% 4613 out of 4613
    http_reqs............: 4613    283.555663/s

    EXECUTION
    iteration_duration...: avg=1.73s    min=1s     med=1.48s    max=5.61s p(90)=2.17s p(95)=2.58s
    iterations...........: 4613    283.555663/s
    vus..................: 412     min=412          max=500
    vus_max..............: 500     min=500          max=500

    NETWORK
    data_received........: 1.2 MB  74 kB/s
    data_sent............: 572 kB  35 kB/s




running (16.3s), 000/500 VUs, 4613 complete and 0 interrupted iterations
default ✓ [ 100% ] 500 VUs  15s
Load tests completed.
